20/08/2024 09:35:34|Migrate project|||sourceIp|StartupInfoLogger.java:50 |INFO  - Starting Application using Java 22.0.1 with PID 32588 (D:\Work station\git\Migrate_My_To_Mon\target\classes started by JP in D:\Work station\git\Migrate_My_To_Mon)
20/08/2024 09:35:34|Migrate project|||sourceIp|SpringApplication.java:654 |INFO  - No active profile set, falling back to 1 default profile: "default"
20/08/2024 09:35:35|Migrate project|||sourceIp|RepositoryConfigurationDelegate.java:295 |INFO  - Multiple Spring Data modules found, entering strict repository configuration mode
20/08/2024 09:35:35|Migrate project|||sourceIp|RepositoryConfigurationDelegate.java:143 |INFO  - Bootstrapping Spring Data JPA repositories in DEFAULT mode.
20/08/2024 09:35:35|Migrate project|||sourceIp|RepositoryConfigurationDelegate.java:211 |INFO  - Finished Spring Data repository scanning in 72 ms. Found 1 JPA repository interface.
20/08/2024 09:35:35|Migrate project|||sourceIp|RepositoryConfigurationDelegate.java:295 |INFO  - Multiple Spring Data modules found, entering strict repository configuration mode
20/08/2024 09:35:35|Migrate project|||sourceIp|RepositoryConfigurationDelegate.java:143 |INFO  - Bootstrapping Spring Data MongoDB repositories in DEFAULT mode.
20/08/2024 09:35:35|Migrate project|||sourceIp|RepositoryConfigurationExtensionSupport.java:320 |INFO  - Spring Data MongoDB - Could not safely identify store assignment for repository candidate interface com.example.migrate.repository.TechCompaniesRepository; If you want this repository to be a MongoDB repository, consider annotating your entities with one of these annotations: org.springframework.data.mongodb.core.mapping.Document (preferred), or consider extending one of the following types with your repository: org.springframework.data.mongodb.repository.MongoRepository
20/08/2024 09:35:35|Migrate project|||sourceIp|RepositoryConfigurationDelegate.java:211 |INFO  - Finished Spring Data repository scanning in 5 ms. Found 0 MongoDB repository interfaces.
20/08/2024 09:35:35|Migrate project|||sourceIp|TomcatWebServer.java:111 |INFO  - Tomcat initialized with port 8080 (http)
20/08/2024 09:35:35|Migrate project|||sourceIp|DirectJDKLog.java:173 |INFO  - Initializing ProtocolHandler ["http-nio-8080"]
20/08/2024 09:35:35|Migrate project|||sourceIp|DirectJDKLog.java:173 |INFO  - Starting service [Tomcat]
20/08/2024 09:35:35|Migrate project|||sourceIp|DirectJDKLog.java:173 |INFO  - Starting Servlet engine: [Apache Tomcat/10.1.26]
20/08/2024 09:35:35|Migrate project|||sourceIp|DirectJDKLog.java:173 |INFO  - Initializing Spring embedded WebApplicationContext
20/08/2024 09:35:35|Migrate project|||sourceIp|ServletWebServerApplicationContext.java:296 |INFO  - Root WebApplicationContext: initialization completed in 1493 ms
20/08/2024 09:35:36|Migrate project|||sourceIp|LogHelper.java:31 |INFO  - HHH000204: Processing PersistenceUnitInfo [name: default]
20/08/2024 09:35:36|Migrate project|||sourceIp|Version.java:44 |INFO  - HHH000412: Hibernate ORM core version 6.5.2.Final
20/08/2024 09:35:36|Migrate project|||sourceIp|RegionFactoryInitiator.java:50 |INFO  - HHH000026: Second-level cache disabled
20/08/2024 09:35:36|Migrate project|||sourceIp|SpringPersistenceUnitInfo.java:87 |INFO  - No LoadTimeWeaver setup: ignoring JPA class transformer
20/08/2024 09:35:36|Migrate project|||sourceIp|HikariDataSource.java:109 |INFO  - HikariPool-1 - Starting...
20/08/2024 09:35:37|Migrate project|||sourceIp|HikariPool.java:554 |INFO  - HikariPool-1 - Added connection com.mysql.cj.jdbc.ConnectionImpl@5b6cc344
20/08/2024 09:35:37|Migrate project|||sourceIp|HikariDataSource.java:122 |INFO  - HikariPool-1 - Start completed.
20/08/2024 09:35:37|Migrate project|||sourceIp|DialectFactoryImpl.java:153 |WARN  - HHH90000025: MySQLDialect does not need to be specified explicitly using 'hibernate.dialect' (remove the property setting and it will be selected by default)
20/08/2024 09:35:38|Migrate project|||sourceIp|JtaPlatformInitiator.java:59 |INFO  - HHH000489: No JTA platform available (set 'hibernate.transaction.jta.platform' to enable JTA platform integration)
20/08/2024 09:35:38|Migrate project|||sourceIp|AbstractEntityManagerFactoryBean.java:437 |INFO  - Initialized JPA EntityManagerFactory for persistence unit 'default'
20/08/2024 09:35:38|Migrate project|||sourceIp|JpaBaseConfiguration.java:236 |WARN  - spring.jpa.open-in-view is enabled by default. Therefore, database queries may be performed during view rendering. Explicitly configure spring.jpa.open-in-view to disable this warning
20/08/2024 09:35:39|Migrate project|||sourceIp|SLF4JLogger.java:71 |INFO  - MongoClient with metadata {"driver": {"name": "mongo-java-driver|sync|spring-boot", "version": "5.0.1"}, "os": {"type": "Windows", "name": "Windows 11", "architecture": "amd64", "version": "10.0"}, "platform": "Java/Oracle Corporation/22.0.1+8-16"} created with settings MongoClientSettings{readPreference=primary, writeConcern=WriteConcern{w=null, wTimeout=null ms, journal=null}, retryWrites=true, retryReads=true, readConcern=ReadConcern{level=null}, credential=null, transportSettings=null, commandListeners=[], codecRegistry=ProvidersCodecRegistry{codecProviders=[ValueCodecProvider{}, BsonValueCodecProvider{}, DBRefCodecProvider{}, DBObjectCodecProvider{}, DocumentCodecProvider{}, CollectionCodecProvider{}, IterableCodecProvider{}, MapCodecProvider{}, GeoJsonCodecProvider{}, GridFSFileCodecProvider{}, Jsr310CodecProvider{}, JsonObjectCodecProvider{}, BsonCodecProvider{}, EnumCodecProvider{}, com.mongodb.client.model.mql.ExpressionCodecProvider@66e44f9f, com.mongodb.Jep395RecordCodecProvider@79f82fc4, com.mongodb.KotlinCodecProvider@554db19d]}, loggerSettings=LoggerSettings{maxDocumentLength=1000}, clusterSettings={hosts=[localhost:27017], srvServiceName=mongodb, mode=SINGLE, requiredClusterType=UNKNOWN, requiredReplicaSetName='null', serverSelector='null', clusterListeners='[]', serverSelectionTimeout='30000 ms', localThreshold='15 ms'}, socketSettings=SocketSettings{connectTimeoutMS=10000, readTimeoutMS=0, receiveBufferSize=0, proxySettings=ProxySettings{host=null, port=null, username=null, password=null}}, heartbeatSocketSettings=SocketSettings{connectTimeoutMS=10000, readTimeoutMS=10000, receiveBufferSize=0, proxySettings=ProxySettings{host=null, port=null, username=null, password=null}}, connectionPoolSettings=ConnectionPoolSettings{maxSize=100, minSize=0, maxWaitTimeMS=120000, maxConnectionLifeTimeMS=0, maxConnectionIdleTimeMS=0, maintenanceInitialDelayMS=0, maintenanceFrequencyMS=60000, connectionPoolListeners=[], maxConnecting=2}, serverSettings=ServerSettings{heartbeatFrequencyMS=10000, minHeartbeatFrequencyMS=500, serverListeners='[]', serverMonitorListeners='[]'}, sslSettings=SslSettings{enabled=false, invalidHostNameAllowed=false, context=null}, applicationName='null', compressorList=[], uuidRepresentation=JAVA_LEGACY, serverApi=null, autoEncryptionSettings=null, dnsClient=null, inetAddressResolver=null, contextProvider=null}
20/08/2024 09:35:39|Migrate project|||sourceIp|SLF4JLogger.java:71 |INFO  - Monitor thread successfully connected to server with description ServerDescription{address=localhost:27017, type=STANDALONE, state=CONNECTED, ok=true, minWireVersion=0, maxWireVersion=21, maxDocumentSize=16777216, logicalSessionTimeoutMinutes=30, roundTripTimeNanos=26658400}
20/08/2024 09:35:39|Migrate project|||sourceIp|DirectJDKLog.java:173 |INFO  - Starting ProtocolHandler ["http-nio-8080"]
20/08/2024 09:35:39|Migrate project|||sourceIp|TomcatWebServer.java:243 |INFO  - Tomcat started on port 8080 (http) with context path '/'
20/08/2024 09:35:39|Migrate project|||sourceIp|StartupInfoLogger.java:56 |INFO  - Started Application in 5.503 seconds (process running for 6.876)
